android/app/build/intermediates/manifest_merge_blame_file/debug/manifest-merger-blame-debug-report.txt
1<?xml version="1.0" encoding="utf-8"?>
2<manifest xmlns:android="http://schemas.android.com/apk/res/android"
3    package="com.washir"
4    android:versionCode="1"
5    android:versionName="1.0" >
6
7    <uses-sdk
8        android:minSdkVersion="21"
9        android:targetSdkVersion="34" />
10
11    <uses-permission android:name="android.permission.INTERNET" />
11-->src\main\AndroidManifest.xml:3:5-67
11-->src\main\AndroidManifest.xml:3:22-64
12    <uses-permission android:name="android.permission.WAKE_LOCK" />
12-->[:react-native-firebase_auth] AndroidManifest.xml:8:5-68
12-->[:react-native-firebase_auth] AndroidManifest.xml:8:22-65
13    <uses-permission android:name="android.permission.ACCESS_NETWORK_STATE" />
13-->[:react-native-firebase_auth] AndroidManifest.xml:9:5-79
13-->[:react-native-firebase_auth] AndroidManifest.xml:9:22-76
14    <!--
15    This manifest file is used only by Gradle to configure debug-only capabilities
16    for React Native Apps.
17    -->
18    <uses-permission android:name="android.permission.SYSTEM_ALERT_WINDOW" />
18-->[com.facebook.react:react-android:0.73.0] AndroidManifest.xml:16:5-78
18-->[com.facebook.react:react-android:0.73.0] AndroidManifest.xml:16:22-75
19    <uses-permission android:name="android.permission.ACCESS_WIFI_STATE" />
19-->[com.facebook.flipper:flipper:0.201.0] AndroidManifest.xml:14:5-76
19-->[com.facebook.flipper:flipper:0.201.0] AndroidManifest.xml:14:22-73
20
21    <uses-feature
21-->[com.google.android.gms:play-services-maps:18.0.2] AndroidManifest.xml:26:5-28:35
22        android:glEsVersion="0x00020000"
22-->[com.google.android.gms:play-services-maps:18.0.2] AndroidManifest.xml:27:9-41
23        android:required="true" />
23-->[com.google.android.gms:play-services-maps:18.0.2] AndroidManifest.xml:28:9-32
24
25    <queries>
25-->[com.google.android.gms:play-services-maps:18.0.2] AndroidManifest.xml:30:5-34:15
26
27        <!-- Needs to be explicitly declared on Android R+ -->
28        <package android:name="com.google.android.apps.maps" />
28-->[com.google.android.gms:play-services-maps:18.0.2] AndroidManifest.xml:33:9-64
28-->[com.google.android.gms:play-services-maps:18.0.2] AndroidManifest.xml:33:18-61
29    </queries>
30
31    <uses-permission android:name="com.google.android.providers.gsf.permission.READ_GSERVICES" />
31-->[com.google.android.recaptcha:recaptcha:18.4.0] AndroidManifest.xml:9:5-98
31-->[com.google.android.recaptcha:recaptcha:18.4.0] AndroidManifest.xml:9:22-95
32    <uses-permission android:name="android.permission.RECEIVE_BOOT_COMPLETED" />
32-->[androidx.work:work-runtime:2.7.1] AndroidManifest.xml:27:5-81
32-->[androidx.work:work-runtime:2.7.1] AndroidManifest.xml:27:22-78
33    <uses-permission android:name="android.permission.FOREGROUND_SERVICE" />
33-->[androidx.work:work-runtime:2.7.1] AndroidManifest.xml:28:5-77
33-->[androidx.work:work-runtime:2.7.1] AndroidManifest.xml:28:22-74
34
35    <permission
35-->[androidx.core:core:1.9.0] AndroidManifest.xml:22:5-24:47
36        android:name="com.washir.DYNAMIC_RECEIVER_NOT_EXPORTED_PERMISSION"
36-->[androidx.core:core:1.9.0] AndroidManifest.xml:23:9-81
37        android:protectionLevel="signature" />
37-->[androidx.core:core:1.9.0] AndroidManifest.xml:24:9-44
38
39    <uses-permission android:name="com.washir.DYNAMIC_RECEIVER_NOT_EXPORTED_PERMISSION" />
39-->[androidx.core:core:1.9.0] AndroidManifest.xml:26:5-97
39-->[androidx.core:core:1.9.0] AndroidManifest.xml:26:22-94
40
41    <application
41-->src\main\AndroidManifest.xml:5:5-24:19
42        android:name="com.washir.MainApplication"
42-->src\main\AndroidManifest.xml:6:7-38
43        android:allowBackup="false"
43-->src\main\AndroidManifest.xml:10:7-34
44        android:appComponentFactory="androidx.core.app.CoreComponentFactory"
44-->[androidx.core:core:1.9.0] AndroidManifest.xml:28:18-86
45        android:debuggable="true"
46        android:extractNativeLibs="true"
47        android:icon="@mipmap/ic_launcher"
47-->src\main\AndroidManifest.xml:8:7-41
48        android:label="@string/app_name"
48-->src\main\AndroidManifest.xml:7:7-39
49        android:roundIcon="@mipmap/ic_launcher_round"
49-->src\main\AndroidManifest.xml:9:7-52
50        android:theme="@style/AppTheme"
50-->src\main\AndroidManifest.xml:11:7-38
51        android:usesCleartextTraffic="true" >
51-->src\debug\AndroidManifest.xml:6:9-44
52        <activity
52-->src\main\AndroidManifest.xml:12:7-23:18
53            android:name="com.washir.MainActivity"
53-->src\main\AndroidManifest.xml:13:9-37
54            android:configChanges="keyboard|keyboardHidden|orientation|screenLayout|screenSize|smallestScreenSize|uiMode"
54-->src\main\AndroidManifest.xml:15:9-118
55            android:exported="true"
55-->src\main\AndroidManifest.xml:18:9-32
56            android:label="@string/app_name"
56-->src\main\AndroidManifest.xml:14:9-41
57            android:launchMode="singleTask"
57-->src\main\AndroidManifest.xml:16:9-40
58            android:windowSoftInputMode="adjustResize" >
58-->src\main\AndroidManifest.xml:17:9-51
59            <intent-filter>
59-->src\main\AndroidManifest.xml:19:9-22:25
60                <action android:name="android.intent.action.MAIN" />
60-->src\main\AndroidManifest.xml:20:13-65
60-->src\main\AndroidManifest.xml:20:21-62
61
62                <category android:name="android.intent.category.LAUNCHER" />
62-->src\main\AndroidManifest.xml:21:13-73
62-->src\main\AndroidManifest.xml:21:23-70
63            </intent-filter>
64        </activity>
65
66        <meta-data
66-->[:react-native-firebase_app] AndroidManifest.xml:9:9-11:36
67            android:name="app_data_collection_default_enabled"
67-->[:react-native-firebase_app] AndroidManifest.xml:10:13-63
68            android:value="true" />
68-->[:react-native-firebase_app] AndroidManifest.xml:11:13-33
69
70        <service
70-->[:react-native-firebase_app] AndroidManifest.xml:13:9-21:19
71            android:name="com.google.firebase.components.ComponentDiscoveryService"
71-->[:react-native-firebase_app] AndroidManifest.xml:14:13-84
72            android:directBootAware="true"
72-->[:react-native-firebase_app] AndroidManifest.xml:15:13-43
73            android:exported="false" >
73-->[:react-native-firebase_app] AndroidManifest.xml:16:13-37
74            <meta-data
74-->[:react-native-firebase_app] AndroidManifest.xml:18:13-20:85
75                android:name="com.google.firebase.components:io.invertase.firebase.app.ReactNativeFirebaseAppRegistrar"
75-->[:react-native-firebase_app] AndroidManifest.xml:19:17-120
76                android:value="com.google.firebase.components.ComponentRegistrar" />
76-->[:react-native-firebase_app] AndroidManifest.xml:20:17-82
77            <meta-data
77-->[com.google.firebase:firebase-auth:22.3.1] AndroidManifest.xml:69:13-71:85
78                android:name="com.google.firebase.components:com.google.firebase.auth.FirebaseAuthRegistrar"
78-->[com.google.firebase:firebase-auth:22.3.1] AndroidManifest.xml:70:17-109
79                android:value="com.google.firebase.components.ComponentRegistrar" />
79-->[com.google.firebase:firebase-auth:22.3.1] AndroidManifest.xml:71:17-82
80            <meta-data
80-->[com.google.firebase:firebase-common-ktx:20.4.2] AndroidManifest.xml:12:13-14:85
81                android:name="com.google.firebase.components:com.google.firebase.ktx.FirebaseCommonLegacyRegistrar"
81-->[com.google.firebase:firebase-common-ktx:20.4.2] AndroidManifest.xml:13:17-116
82                android:value="com.google.firebase.components.ComponentRegistrar" />
82-->[com.google.firebase:firebase-common-ktx:20.4.2] AndroidManifest.xml:14:17-82
83            <meta-data
83-->[com.google.firebase:firebase-common:20.4.2] AndroidManifest.xml:35:13-37:85
84                android:name="com.google.firebase.components:com.google.firebase.FirebaseCommonKtxRegistrar"
84-->[com.google.firebase:firebase-common:20.4.2] AndroidManifest.xml:36:17-109
85                android:value="com.google.firebase.components.ComponentRegistrar" />
85-->[com.google.firebase:firebase-common:20.4.2] AndroidManifest.xml:37:17-82
86        </service>
87
88        <provider
88-->[:react-native-firebase_app] AndroidManifest.xml:23:9-27:38
89            android:name="io.invertase.firebase.app.ReactNativeFirebaseAppInitProvider"
89-->[:react-native-firebase_app] AndroidManifest.xml:24:13-88
90            android:authorities="com.washir.reactnativefirebaseappinitprovider"
90-->[:react-native-firebase_app] AndroidManifest.xml:25:13-86
91            android:exported="false"
91-->[:react-native-firebase_app] AndroidManifest.xml:26:13-37
92            android:initOrder="99" />
92-->[:react-native-firebase_app] AndroidManifest.xml:27:13-35
93
94        <activity
94-->[com.facebook.react:react-android:0.73.0] AndroidManifest.xml:19:9-21:40
95            android:name="com.facebook.react.devsupport.DevSettingsActivity"
95-->[com.facebook.react:react-android:0.73.0] AndroidManifest.xml:20:13-77
96            android:exported="false" />
96-->[com.facebook.react:react-android:0.73.0] AndroidManifest.xml:21:13-37
97        <activity
97-->[com.google.firebase:firebase-auth:22.3.1] AndroidManifest.xml:29:9-46:20
98            android:name="com.google.firebase.auth.internal.GenericIdpActivity"
98-->[com.google.firebase:firebase-auth:22.3.1] AndroidManifest.xml:30:13-80
99            android:excludeFromRecents="true"
99-->[com.google.firebase:firebase-auth:22.3.1] AndroidManifest.xml:31:13-46
100            android:exported="true"
100-->[com.google.firebase:firebase-auth:22.3.1] AndroidManifest.xml:32:13-36
101            android:launchMode="singleTask"
101-->[com.google.firebase:firebase-auth:22.3.1] AndroidManifest.xml:33:13-44
102            android:theme="@android:style/Theme.Translucent.NoTitleBar" >
102-->[com.google.firebase:firebase-auth:22.3.1] AndroidManifest.xml:34:13-72
103            <intent-filter>
103-->[com.google.firebase:firebase-auth:22.3.1] AndroidManifest.xml:35:13-45:29
104                <action android:name="android.intent.action.VIEW" />
104-->[com.google.firebase:firebase-auth:22.3.1] AndroidManifest.xml:36:17-69
104-->[com.google.firebase:firebase-auth:22.3.1] AndroidManifest.xml:36:25-66
105
106                <category android:name="android.intent.category.DEFAULT" />
106-->[com.google.firebase:firebase-auth:22.3.1] AndroidManifest.xml:38:17-76
106-->[com.google.firebase:firebase-auth:22.3.1] AndroidManifest.xml:38:27-73
107                <category android:name="android.intent.category.BROWSABLE" />
107-->[com.google.firebase:firebase-auth:22.3.1] AndroidManifest.xml:39:17-78
107-->[com.google.firebase:firebase-auth:22.3.1] AndroidManifest.xml:39:27-75
108
109                <data
109-->[com.google.firebase:firebase-auth:22.3.1] AndroidManifest.xml:41:17-44:51
110                    android:host="firebase.auth"
110-->[com.google.firebase:firebase-auth:22.3.1] AndroidManifest.xml:42:21-49
111                    android:path="/"
111-->[com.google.firebase:firebase-auth:22.3.1] AndroidManifest.xml:43:21-37
112                    android:scheme="genericidp" />
112-->[com.google.firebase:firebase-auth:22.3.1] AndroidManifest.xml:44:21-48
113            </intent-filter>
114        </activity>
115        <activity
115-->[com.google.firebase:firebase-auth:22.3.1] AndroidManifest.xml:47:9-64:20
116            android:name="com.google.firebase.auth.internal.RecaptchaActivity"
116-->[com.google.firebase:firebase-auth:22.3.1] AndroidManifest.xml:48:13-79
117            android:excludeFromRecents="true"
117-->[com.google.firebase:firebase-auth:22.3.1] AndroidManifest.xml:49:13-46
118            android:exported="true"
118-->[com.google.firebase:firebase-auth:22.3.1] AndroidManifest.xml:50:13-36
119            android:launchMode="singleTask"
119-->[com.google.firebase:firebase-auth:22.3.1] AndroidManifest.xml:51:13-44
120            android:theme="@android:style/Theme.Translucent.NoTitleBar" >
120-->[com.google.firebase:firebase-auth:22.3.1] AndroidManifest.xml:52:13-72
121            <intent-filter>
121-->[com.google.firebase:firebase-auth:22.3.1] AndroidManifest.xml:53:13-63:29
122                <action android:name="android.intent.action.VIEW" />
122-->[com.google.firebase:firebase-auth:22.3.1] AndroidManifest.xml:36:17-69
122-->[com.google.firebase:firebase-auth:22.3.1] AndroidManifest.xml:36:25-66
123
124                <category android:name="android.intent.category.DEFAULT" />
124-->[com.google.firebase:firebase-auth:22.3.1] AndroidManifest.xml:38:17-76
124-->[com.google.firebase:firebase-auth:22.3.1] AndroidManifest.xml:38:27-73
125                <category android:name="android.intent.category.BROWSABLE" />
125-->[com.google.firebase:firebase-auth:22.3.1] AndroidManifest.xml:39:17-78
125-->[com.google.firebase:firebase-auth:22.3.1] AndroidManifest.xml:39:27-75
126
127                <data
127-->[com.google.firebase:firebase-auth:22.3.1] AndroidManifest.xml:41:17-44:51
128                    android:host="firebase.auth"
128-->[com.google.firebase:firebase-auth:22.3.1] AndroidManifest.xml:42:21-49
129                    android:path="/"
129-->[com.google.firebase:firebase-auth:22.3.1] AndroidManifest.xml:43:21-37
130                    android:scheme="recaptcha" />
130-->[com.google.firebase:firebase-auth:22.3.1] AndroidManifest.xml:44:21-48
131            </intent-filter>
132        </activity>
133        <activity
133-->[com.google.android.gms:play-services-auth:20.7.0] AndroidManifest.xml:23:9-27:75
134            android:name="com.google.android.gms.auth.api.signin.internal.SignInHubActivity"
134-->[com.google.android.gms:play-services-auth:20.7.0] AndroidManifest.xml:24:13-93
135            android:excludeFromRecents="true"
135-->[com.google.android.gms:play-services-auth:20.7.0] AndroidManifest.xml:25:13-46
136            android:exported="false"
136-->[com.google.android.gms:play-services-auth:20.7.0] AndroidManifest.xml:26:13-37
137            android:theme="@android:style/Theme.Translucent.NoTitleBar" />
137-->[com.google.android.gms:play-services-auth:20.7.0] AndroidManifest.xml:27:13-72
138        <!--
139            Service handling Google Sign-In user revocation. For apps that do not integrate with
140            Google Sign-In, this service will never be started.
141        -->
142        <service
142-->[com.google.android.gms:play-services-auth:20.7.0] AndroidManifest.xml:33:9-37:51
143            android:name="com.google.android.gms.auth.api.signin.RevocationBoundService"
143-->[com.google.android.gms:play-services-auth:20.7.0] AndroidManifest.xml:34:13-89
144            android:exported="true"
144-->[com.google.android.gms:play-services-auth:20.7.0] AndroidManifest.xml:35:13-36
145            android:permission="com.google.android.gms.auth.api.signin.permission.REVOCATION_NOTIFICATION"
145-->[com.google.android.gms:play-services-auth:20.7.0] AndroidManifest.xml:36:13-107
146            android:visibleToInstantApps="true" /> <!-- Needs to be explicitly declared on P+ -->
146-->[com.google.android.gms:play-services-auth:20.7.0] AndroidManifest.xml:37:13-48
147        <uses-library
147-->[com.google.android.gms:play-services-maps:18.0.2] AndroidManifest.xml:39:9-41:40
148            android:name="org.apache.http.legacy"
148-->[com.google.android.gms:play-services-maps:18.0.2] AndroidManifest.xml:40:13-50
149            android:required="false" />
149-->[com.google.android.gms:play-services-maps:18.0.2] AndroidManifest.xml:41:13-37
150
151        <activity
151-->[com.google.android.gms:play-services-base:18.1.0] AndroidManifest.xml:20:9-22:45
152            android:name="com.google.android.gms.common.api.GoogleApiActivity"
152-->[com.google.android.gms:play-services-base:18.1.0] AndroidManifest.xml:20:19-85
153            android:exported="false"
153-->[com.google.android.gms:play-services-base:18.1.0] AndroidManifest.xml:22:19-43
154            android:theme="@android:style/Theme.Translucent.NoTitleBar" />
154-->[com.google.android.gms:play-services-base:18.1.0] AndroidManifest.xml:21:19-78
155
156        <provider
156-->[com.google.firebase:firebase-common:20.4.2] AndroidManifest.xml:23:9-28:39
157            android:name="com.google.firebase.provider.FirebaseInitProvider"
157-->[com.google.firebase:firebase-common:20.4.2] AndroidManifest.xml:24:13-77
158            android:authorities="com.washir.firebaseinitprovider"
158-->[com.google.firebase:firebase-common:20.4.2] AndroidManifest.xml:25:13-72
159            android:directBootAware="true"
159-->[com.google.firebase:firebase-common:20.4.2] AndroidManifest.xml:26:13-43
160            android:exported="false"
160-->[com.google.firebase:firebase-common:20.4.2] AndroidManifest.xml:27:13-37
161            android:initOrder="100" />
161-->[com.google.firebase:firebase-common:20.4.2] AndroidManifest.xml:28:13-36
162
163        <meta-data
163-->[com.google.android.gms:play-services-basement:18.2.0] AndroidManifest.xml:21:9-23:69
164            android:name="com.google.android.gms.version"
164-->[com.google.android.gms:play-services-basement:18.2.0] AndroidManifest.xml:22:13-58
165            android:value="@integer/google_play_services_version" />
165-->[com.google.android.gms:play-services-basement:18.2.0] AndroidManifest.xml:23:13-66
166
167        <provider
167-->[androidx.work:work-runtime:2.7.1] AndroidManifest.xml:31:9-39:20
168            android:name="androidx.startup.InitializationProvider"
168-->[androidx.work:work-runtime:2.7.1] AndroidManifest.xml:32:13-67
169            android:authorities="com.washir.androidx-startup"
169-->[androidx.work:work-runtime:2.7.1] AndroidManifest.xml:33:13-68
170            android:exported="false" >
170-->[androidx.work:work-runtime:2.7.1] AndroidManifest.xml:34:13-37
171            <meta-data
171-->[androidx.work:work-runtime:2.7.1] AndroidManifest.xml:36:13-38:52
172                android:name="androidx.work.WorkManagerInitializer"
172-->[androidx.work:work-runtime:2.7.1] AndroidManifest.xml:37:17-68
173                android:value="androidx.startup" />
173-->[androidx.work:work-runtime:2.7.1] AndroidManifest.xml:38:17-49
174            <meta-data
174-->[androidx.emoji2:emoji2:1.2.0] AndroidManifest.xml:29:13-31:52
175                android:name="androidx.emoji2.text.EmojiCompatInitializer"
175-->[androidx.emoji2:emoji2:1.2.0] AndroidManifest.xml:30:17-75
176                android:value="androidx.startup" />
176-->[androidx.emoji2:emoji2:1.2.0] AndroidManifest.xml:31:17-49
177            <meta-data
177-->[androidx.lifecycle:lifecycle-process:2.4.1] AndroidManifest.xml:31:13-33:52
178                android:name="androidx.lifecycle.ProcessLifecycleInitializer"
178-->[androidx.lifecycle:lifecycle-process:2.4.1] AndroidManifest.xml:32:17-78
179                android:value="androidx.startup" />
179-->[androidx.lifecycle:lifecycle-process:2.4.1] AndroidManifest.xml:33:17-49
180        </provider>
181
182        <service
182-->[androidx.work:work-runtime:2.7.1] AndroidManifest.xml:41:9-46:35
183            android:name="androidx.work.impl.background.systemalarm.SystemAlarmService"
183-->[androidx.work:work-runtime:2.7.1] AndroidManifest.xml:42:13-88
184            android:directBootAware="false"
184-->[androidx.work:work-runtime:2.7.1] AndroidManifest.xml:43:13-44
185            android:enabled="@bool/enable_system_alarm_service_default"
185-->[androidx.work:work-runtime:2.7.1] AndroidManifest.xml:44:13-72
186            android:exported="false" />
186-->[androidx.work:work-runtime:2.7.1] AndroidManifest.xml:45:13-37
187        <service
187-->[androidx.work:work-runtime:2.7.1] AndroidManifest.xml:47:9-53:35
188            android:name="androidx.work.impl.background.systemjob.SystemJobService"
188-->[androidx.work:work-runtime:2.7.1] AndroidManifest.xml:48:13-84
189            android:directBootAware="false"
189-->[androidx.work:work-runtime:2.7.1] AndroidManifest.xml:49:13-44
190            android:enabled="@bool/enable_system_job_service_default"
190-->[androidx.work:work-runtime:2.7.1] AndroidManifest.xml:50:13-70
191            android:exported="true"
191-->[androidx.work:work-runtime:2.7.1] AndroidManifest.xml:51:13-36
192            android:permission="android.permission.BIND_JOB_SERVICE" />
192-->[androidx.work:work-runtime:2.7.1] AndroidManifest.xml:52:13-69
193        <service
193-->[androidx.work:work-runtime:2.7.1] AndroidManifest.xml:54:9-59:35
194            android:name="androidx.work.impl.foreground.SystemForegroundService"
194-->[androidx.work:work-runtime:2.7.1] AndroidManifest.xml:55:13-81
195            android:directBootAware="false"
195-->[androidx.work:work-runtime:2.7.1] AndroidManifest.xml:56:13-44
196            android:enabled="@bool/enable_system_foreground_service_default"
196-->[androidx.work:work-runtime:2.7.1] AndroidManifest.xml:57:13-77
197            android:exported="false" />
197-->[androidx.work:work-runtime:2.7.1] AndroidManifest.xml:58:13-37
198
199        <receiver
199-->[androidx.work:work-runtime:2.7.1] AndroidManifest.xml:61:9-66:35
200            android:name="androidx.work.impl.utils.ForceStopRunnable$BroadcastReceiver"
200-->[androidx.work:work-runtime:2.7.1] AndroidManifest.xml:62:13-88
201            android:directBootAware="false"
201-->[androidx.work:work-runtime:2.7.1] AndroidManifest.xml:63:13-44
202            android:enabled="true"
202-->[androidx.work:work-runtime:2.7.1] AndroidManifest.xml:64:13-35
203            android:exported="false" />
203-->[androidx.work:work-runtime:2.7.1] AndroidManifest.xml:65:13-37
204        <receiver
204-->[androidx.work:work-runtime:2.7.1] AndroidManifest.xml:67:9-77:20
205            android:name="androidx.work.impl.background.systemalarm.ConstraintProxy$BatteryChargingProxy"
205-->[androidx.work:work-runtime:2.7.1] AndroidManifest.xml:68:13-106
206            android:directBootAware="false"
206-->[androidx.work:work-runtime:2.7.1] AndroidManifest.xml:69:13-44
207            android:enabled="false"
207-->[androidx.work:work-runtime:2.7.1] AndroidManifest.xml:70:13-36
208            android:exported="false" >
208-->[androidx.work:work-runtime:2.7.1] AndroidManifest.xml:71:13-37
209            <intent-filter>
209-->[androidx.work:work-runtime:2.7.1] AndroidManifest.xml:73:13-76:29
210                <action android:name="android.intent.action.ACTION_POWER_CONNECTED" />
210-->[androidx.work:work-runtime:2.7.1] AndroidManifest.xml:74:17-87
210-->[androidx.work:work-runtime:2.7.1] AndroidManifest.xml:74:25-84
211                <action android:name="android.intent.action.ACTION_POWER_DISCONNECTED" />
211-->[androidx.work:work-runtime:2.7.1] AndroidManifest.xml:75:17-90
211-->[androidx.work:work-runtime:2.7.1] AndroidManifest.xml:75:25-87
212            </intent-filter>
213        </receiver>
214        <receiver
214-->[androidx.work:work-runtime:2.7.1] AndroidManifest.xml:78:9-88:20
215            android:name="androidx.work.impl.background.systemalarm.ConstraintProxy$BatteryNotLowProxy"
215-->[androidx.work:work-runtime:2.7.1] AndroidManifest.xml:79:13-104
216            android:directBootAware="false"
216-->[androidx.work:work-runtime:2.7.1] AndroidManifest.xml:80:13-44
217            android:enabled="false"
217-->[androidx.work:work-runtime:2.7.1] AndroidManifest.xml:81:13-36
218            android:exported="false" >
218-->[androidx.work:work-runtime:2.7.1] AndroidManifest.xml:82:13-37
219            <intent-filter>
219-->[androidx.work:work-runtime:2.7.1] AndroidManifest.xml:84:13-87:29
220                <action android:name="android.intent.action.BATTERY_OKAY" />
220-->[androidx.work:work-runtime:2.7.1] AndroidManifest.xml:85:17-77
220-->[androidx.work:work-runtime:2.7.1] AndroidManifest.xml:85:25-74
221                <action android:name="android.intent.action.BATTERY_LOW" />
221-->[androidx.work:work-runtime:2.7.1] AndroidManifest.xml:86:17-76
221-->[androidx.work:work-runtime:2.7.1] AndroidManifest.xml:86:25-73
222            </intent-filter>
223        </receiver>
224        <receiver
224-->[androidx.work:work-runtime:2.7.1] AndroidManifest.xml:89:9-99:20
225            android:name="androidx.work.impl.background.systemalarm.ConstraintProxy$StorageNotLowProxy"
225-->[androidx.work:work-runtime:2.7.1] AndroidManifest.xml:90:13-104
226            android:directBootAware="false"
226-->[androidx.work:work-runtime:2.7.1] AndroidManifest.xml:91:13-44
227            android:enabled="false"
227-->[androidx.work:work-runtime:2.7.1] AndroidManifest.xml:92:13-36
228            android:exported="false" >
228-->[androidx.work:work-runtime:2.7.1] AndroidManifest.xml:93:13-37
229            <intent-filter>
229-->[androidx.work:work-runtime:2.7.1] AndroidManifest.xml:95:13-98:29
230                <action android:name="android.intent.action.DEVICE_STORAGE_LOW" />
230-->[androidx.work:work-runtime:2.7.1] AndroidManifest.xml:96:17-83
230-->[androidx.work:work-runtime:2.7.1] AndroidManifest.xml:96:25-80
231                <action android:name="android.intent.action.DEVICE_STORAGE_OK" />
231-->[androidx.work:work-runtime:2.7.1] AndroidManifest.xml:97:17-82
231-->[androidx.work:work-runtime:2.7.1] AndroidManifest.xml:97:25-79
232            </intent-filter>
233        </receiver>
234        <receiver
234-->[androidx.work:work-runtime:2.7.1] AndroidManifest.xml:100:9-109:20
235            android:name="androidx.work.impl.background.systemalarm.ConstraintProxy$NetworkStateProxy"
235-->[androidx.work:work-runtime:2.7.1] AndroidManifest.xml:101:13-103
236            android:directBootAware="false"
236-->[androidx.work:work-runtime:2.7.1] AndroidManifest.xml:102:13-44
237            android:enabled="false"
237-->[androidx.work:work-runtime:2.7.1] AndroidManifest.xml:103:13-36
238            android:exported="false" >
238-->[androidx.work:work-runtime:2.7.1] AndroidManifest.xml:104:13-37
239            <intent-filter>
239-->[androidx.work:work-runtime:2.7.1] AndroidManifest.xml:106:13-108:29
240                <action android:name="android.net.conn.CONNECTIVITY_CHANGE" />
240-->[androidx.work:work-runtime:2.7.1] AndroidManifest.xml:107:17-79
240-->[androidx.work:work-runtime:2.7.1] AndroidManifest.xml:107:25-76
241            </intent-filter>
242        </receiver>
243        <receiver
243-->[androidx.work:work-runtime:2.7.1] AndroidManifest.xml:110:9-121:20
244            android:name="androidx.work.impl.background.systemalarm.RescheduleReceiver"
244-->[androidx.work:work-runtime:2.7.1] AndroidManifest.xml:111:13-88
245            android:directBootAware="false"
245-->[androidx.work:work-runtime:2.7.1] AndroidManifest.xml:112:13-44
246            android:enabled="false"
246-->[androidx.work:work-runtime:2.7.1] AndroidManifest.xml:113:13-36
247            android:exported="false" >
247-->[androidx.work:work-runtime:2.7.1] AndroidManifest.xml:114:13-37
248            <intent-filter>
248-->[androidx.work:work-runtime:2.7.1] AndroidManifest.xml:116:13-120:29
249                <action android:name="android.intent.action.BOOT_COMPLETED" />
249-->[androidx.work:work-runtime:2.7.1] AndroidManifest.xml:117:17-79
249-->[androidx.work:work-runtime:2.7.1] AndroidManifest.xml:117:25-76
250                <action android:name="android.intent.action.TIME_SET" />
250-->[androidx.work:work-runtime:2.7.1] AndroidManifest.xml:118:17-73
250-->[androidx.work:work-runtime:2.7.1] AndroidManifest.xml:118:25-70
251                <action android:name="android.intent.action.TIMEZONE_CHANGED" />
251-->[androidx.work:work-runtime:2.7.1] AndroidManifest.xml:119:17-81
251-->[androidx.work:work-runtime:2.7.1] AndroidManifest.xml:119:25-78
252            </intent-filter>
253        </receiver>
254        <receiver
254-->[androidx.work:work-runtime:2.7.1] AndroidManifest.xml:122:9-131:20
255            android:name="androidx.work.impl.background.systemalarm.ConstraintProxyUpdateReceiver"
255-->[androidx.work:work-runtime:2.7.1] AndroidManifest.xml:123:13-99
256            android:directBootAware="false"
256-->[androidx.work:work-runtime:2.7.1] AndroidManifest.xml:124:13-44
257            android:enabled="@bool/enable_system_alarm_service_default"
257-->[androidx.work:work-runtime:2.7.1] AndroidManifest.xml:125:13-72
258            android:exported="false" >
258-->[androidx.work:work-runtime:2.7.1] AndroidManifest.xml:126:13-37
259            <intent-filter>
259-->[androidx.work:work-runtime:2.7.1] AndroidManifest.xml:128:13-130:29
260                <action android:name="androidx.work.impl.background.systemalarm.UpdateProxies" />
260-->[androidx.work:work-runtime:2.7.1] AndroidManifest.xml:129:17-98
260-->[androidx.work:work-runtime:2.7.1] AndroidManifest.xml:129:25-95
261            </intent-filter>
262        </receiver>
263        <receiver
263-->[androidx.work:work-runtime:2.7.1] AndroidManifest.xml:132:9-142:20
264            android:name="androidx.work.impl.diagnostics.DiagnosticsReceiver"
264-->[androidx.work:work-runtime:2.7.1] AndroidManifest.xml:133:13-78
265            android:directBootAware="false"
265-->[androidx.work:work-runtime:2.7.1] AndroidManifest.xml:134:13-44
266            android:enabled="true"
266-->[androidx.work:work-runtime:2.7.1] AndroidManifest.xml:135:13-35
267            android:exported="true"
267-->[androidx.work:work-runtime:2.7.1] AndroidManifest.xml:136:13-36
268            android:permission="android.permission.DUMP" >
268-->[androidx.work:work-runtime:2.7.1] AndroidManifest.xml:137:13-57
269            <intent-filter>
269-->[androidx.work:work-runtime:2.7.1] AndroidManifest.xml:139:13-141:29
270                <action android:name="androidx.work.diagnostics.REQUEST_DIAGNOSTICS" />
270-->[androidx.work:work-runtime:2.7.1] AndroidManifest.xml:140:17-88
270-->[androidx.work:work-runtime:2.7.1] AndroidManifest.xml:140:25-85
271            </intent-filter>
272        </receiver>
273
274        <service
274-->[androidx.room:room-runtime:2.2.5] AndroidManifest.xml:25:9-28:40
275            android:name="androidx.room.MultiInstanceInvalidationService"
275-->[androidx.room:room-runtime:2.2.5] AndroidManifest.xml:26:13-74